<?xml version="1.0" encoding="UTF-8"?>
<testng-results ignored="0" total="1" passed="1" failed="0" skipped="0">
  <reporter-output>
  </reporter-output>
  <suite started-at="2023-04-19T17:47:58 IST" name="Default suite" finished-at="2023-04-19T17:48:03 IST" duration-ms="5438">
    <groups>
    </groups>
    <test started-at="2023-04-19T17:47:58 IST" name="Default test" finished-at="2023-04-19T17:48:03 IST" duration-ms="5438">
      <class name="shopperProductReviewModule.postReview">
        <test-method signature="test()[pri:0, instance:shopperProductReviewModule.postReview@25084a1e]" started-at="2023-04-19T17:47:58 IST" name="test" finished-at="2023-04-19T17:48:03 IST" duration-ms="5331" status="PASS">
          <reporter-output>
          </reporter-output>
        </test-method> <!-- test -->
      </class> <!-- shopperProductReviewModule.postReview -->
    </test> <!-- Default test -->
  </suite> <!-- Default suite -->
</testng-results>
